18:28:36 INFO  : Registering command handlers for SDK TCF services
18:28:36 INFO  : Result from executing command 'getProjects': 
18:28:40 INFO  : Result from executing command 'getProjects': 
18:28:40 INFO  : Restoring global repository preferences: 
		 C:\Users\sterben\Desktop\CortexM3_IP\user\Software\data\Arm_sw_repository
18:28:40 WARN  : Invalid repository path C:\Users\sterben\Desktop\CortexM3_IP\user\Software\data\Arm_sw_repository.
18:28:43 INFO  : Result from executing command 'getProjects': 
18:28:43 ERROR : xsct server communication channel has closed unexpectedly.
java.net.SocketException: Connection reset
	at java.net.SocketInputStream.read(SocketInputStream.java:209)
	at java.net.SocketInputStream.read(SocketInputStream.java:141)
	at java.io.BufferedInputStream.read1(BufferedInputStream.java:284)
	at java.io.BufferedInputStream.read(BufferedInputStream.java:345)
	at java.io.FilterInputStream.read(FilterInputStream.java:107)
	at org.eclipse.tcf.core.ChannelTCP.get(ChannelTCP.java:185)
	at org.eclipse.tcf.core.StreamChannel.read(StreamChannel.java:84)
	at org.eclipse.tcf.core.AbstractChannel$1.run(AbstractChannel.java:327)
18:30:19 INFO  : Registering command handlers for SDK TCF services
18:30:19 INFO  : Result from executing command 'getProjects': SDK_Platform
18:30:19 INFO  : Result from executing command 'getProjects': SDK_Platform
18:30:23 INFO  : Result from executing command 'getProjects': BSP_package
18:30:23 INFO  : Result from executing command 'getProjects': 
18:30:23 ERROR : xsct server communication channel has closed unexpectedly.
java.net.SocketException: Connection reset
	at java.net.SocketInputStream.read(SocketInputStream.java:209)
	at java.net.SocketInputStream.read(SocketInputStream.java:141)
	at java.io.BufferedInputStream.read1(BufferedInputStream.java:284)
	at java.io.BufferedInputStream.read(BufferedInputStream.java:345)
	at java.io.FilterInputStream.read(FilterInputStream.java:107)
	at org.eclipse.tcf.core.ChannelTCP.get(ChannelTCP.java:185)
	at org.eclipse.tcf.core.StreamChannel.read(StreamChannel.java:84)
	at org.eclipse.tcf.core.AbstractChannel$1.run(AbstractChannel.java:327)
18:31:03 INFO  : Registering command handlers for SDK TCF services
18:31:03 INFO  : Result from executing command 'getProjects': SDK_Platform
18:31:03 INFO  : Result from executing command 'getProjects': SDK_Platform
18:31:07 INFO  : Result from executing command 'getProjects': BSP_package
18:31:07 INFO  : Result from executing command 'getProjects': 
18:31:07 ERROR : xsct server communication channel has closed unexpectedly.
java.net.SocketException: Connection reset
	at java.net.SocketInputStream.read(SocketInputStream.java:209)
	at java.net.SocketInputStream.read(SocketInputStream.java:141)
	at java.io.BufferedInputStream.read1(BufferedInputStream.java:284)
	at java.io.BufferedInputStream.read(BufferedInputStream.java:345)
	at java.io.FilterInputStream.read(FilterInputStream.java:107)
	at org.eclipse.tcf.core.ChannelTCP.get(ChannelTCP.java:185)
	at org.eclipse.tcf.core.StreamChannel.read(StreamChannel.java:84)
	at org.eclipse.tcf.core.AbstractChannel$1.run(AbstractChannel.java:327)
18:31:47 INFO  : Registering command handlers for SDK TCF services
18:31:47 INFO  : Result from executing command 'getProjects': SDK_Platform
18:31:52 INFO  : Result from executing command 'getProjects': BSP_package;SDK_Platform
18:32:21 ERROR : xsct server communication channel has closed unexpectedly.
java.net.SocketException: Connection reset
	at java.net.SocketInputStream.read(SocketInputStream.java:209)
	at java.net.SocketInputStream.read(SocketInputStream.java:141)
	at java.io.BufferedInputStream.read1(BufferedInputStream.java:284)
	at java.io.BufferedInputStream.read(BufferedInputStream.java:345)
	at java.io.FilterInputStream.read(FilterInputStream.java:107)
	at org.eclipse.tcf.core.ChannelTCP.get(ChannelTCP.java:185)
	at org.eclipse.tcf.core.StreamChannel.read(StreamChannel.java:84)
	at org.eclipse.tcf.core.AbstractChannel$1.run(AbstractChannel.java:327)
18:32:37 INFO  : Registering command handlers for SDK TCF services
18:32:37 INFO  : Result from executing command 'getProjects': SDK_Platform
18:32:37 INFO  : Result from executing command 'getProjects': SDK_Platform
18:32:41 INFO  : Result from executing command 'getProjects': BSP_package
18:32:41 INFO  : Result from executing command 'getProjects': 
18:32:42 INFO  : Restoring global repository preferences: 
		 C:\Users\sterben\Desktop\CortexM3_IP\user\Software\data\Arm_sw_repository
18:32:42 WARN  : Invalid repository path C:\Users\sterben\Desktop\CortexM3_IP\user\Software\data\Arm_sw_repository.
18:32:44 ERROR : xsct server communication channel has closed unexpectedly.
java.net.SocketException: Connection reset
	at java.net.SocketInputStream.read(SocketInputStream.java:209)
	at java.net.SocketInputStream.read(SocketInputStream.java:141)
	at java.io.BufferedInputStream.read1(BufferedInputStream.java:284)
	at java.io.BufferedInputStream.read(BufferedInputStream.java:345)
	at java.io.FilterInputStream.read(FilterInputStream.java:107)
	at org.eclipse.tcf.core.ChannelTCP.get(ChannelTCP.java:185)
	at org.eclipse.tcf.core.StreamChannel.read(StreamChannel.java:84)
	at org.eclipse.tcf.core.AbstractChannel$1.run(AbstractChannel.java:327)
18:38:28 INFO  : Registering command handlers for SDK TCF services
18:38:28 INFO  : Result from executing command 'getProjects': SDK_Platform
18:39:10 ERROR : xsct server communication channel has closed unexpectedly.
java.net.SocketException: Connection reset
	at java.net.SocketInputStream.read(SocketInputStream.java:209)
	at java.net.SocketInputStream.read(SocketInputStream.java:141)
	at java.io.BufferedInputStream.read1(BufferedInputStream.java:284)
	at java.io.BufferedInputStream.read(BufferedInputStream.java:345)
	at java.io.FilterInputStream.read(FilterInputStream.java:107)
	at org.eclipse.tcf.core.ChannelTCP.get(ChannelTCP.java:185)
	at org.eclipse.tcf.core.StreamChannel.read(StreamChannel.java:84)
	at org.eclipse.tcf.core.AbstractChannel$1.run(AbstractChannel.java:327)
